!SESSION 2013-11-06 11:08:13.067 -----------------------------------------------
eclipse.buildId=I20120608-1400
java.version=1.7.0_05
java.vendor=Oracle Corporation
BootLoader constants: OS=win32, ARCH=x86_64, WS=win32, NL=en_US
Command-line arguments:  -os win32 -ws win32 -arch x86_64

!ENTRY org.eclipse.ui 2 2 2013-11-06 14:22:54.336
!MESSAGE Invalid property category path: ValidationPropertiesPage (bundle: org.eclipse.wst.xml.ui, propertyPage: org.eclipse.wst.xml.ui.propertyPage.project.validation)
!SESSION 2013-11-08 11:21:00.446 -----------------------------------------------
eclipse.buildId=I20120608-1400
java.version=1.7.0_05
java.vendor=Oracle Corporation
BootLoader constants: OS=win32, ARCH=x86_64, WS=win32, NL=en_US
Command-line arguments:  -os win32 -ws win32 -arch x86_64

!ENTRY org.eclipse.ui 2 2 2013-11-09 11:14:18.132
!MESSAGE Invalid property category path: ValidationPropertiesPage (bundle: org.eclipse.wst.xml.ui, propertyPage: org.eclipse.wst.xml.ui.propertyPage.project.validation)
!SESSION 2013-11-09 11:52:34.383 -----------------------------------------------
eclipse.buildId=I20120608-1400
java.version=1.7.0_05
java.vendor=Oracle Corporation
BootLoader constants: OS=win32, ARCH=x86_64, WS=win32, NL=en_US
Command-line arguments:  -os win32 -ws win32 -arch x86_64

!ENTRY org.eclipse.ui 2 2 2013-11-09 15:09:33.984
!MESSAGE Invalid property category path: ValidationPropertiesPage (bundle: org.eclipse.wst.xml.ui, propertyPage: org.eclipse.wst.xml.ui.propertyPage.project.validation)
!SESSION 2013-11-09 16:33:39.890 -----------------------------------------------
eclipse.buildId=I20110613-1736
java.version=1.6.0_27
java.vendor=Sun Microsystems Inc.
BootLoader constants: OS=linux, ARCH=x86_64, WS=gtk, NL=en_US
Command-line arguments:  -os linux -ws gtk -arch x86_64

!ENTRY org.eclipse.ui 4 0 2013-11-09 16:35:44.665
!MESSAGE Unhandled event loop exception
!STACK 0
java.lang.NullPointerException
	at org.eclipse.ant.internal.ui.AntUtil.isKnownAntFile(AntUtil.java:594)
	at org.eclipse.ant.internal.ui.launchConfigurations.AntLaunchShortcut.launch(AntLaunchShortcut.java:466)
	at org.eclipse.debug.internal.ui.launchConfigurations.LaunchShortcutExtension.launch(LaunchShortcutExtension.java:424)
	at org.eclipse.debug.internal.ui.contextlaunching.ContextRunner.launchShortcut(ContextRunner.java:217)
	at org.eclipse.debug.internal.ui.contextlaunching.ContextRunner.showShortcutSelectionDialog(ContextRunner.java:286)
	at org.eclipse.debug.internal.ui.contextlaunching.ContextRunner.selectAndLaunch(ContextRunner.java:140)
	at org.eclipse.debug.internal.ui.contextlaunching.ContextRunner.launch(ContextRunner.java:82)
	at org.eclipse.debug.ui.actions.AbstractLaunchToolbarAction.run(AbstractLaunchToolbarAction.java:79)
	at org.eclipse.debug.ui.actions.AbstractLaunchHistoryAction.runWithEvent(AbstractLaunchHistoryAction.java:404)
	at org.eclipse.ui.internal.PluginAction.runWithEvent(PluginAction.java:241)
	at org.eclipse.ui.internal.WWinPluginAction.runWithEvent(WWinPluginAction.java:229)
	at org.eclipse.jface.action.ActionContributionItem.handleWidgetSelection(ActionContributionItem.java:584)
	at org.eclipse.jface.action.ActionContributionItem.access$2(ActionContributionItem.java:501)
	at org.eclipse.jface.action.ActionContributionItem$6.handleEvent(ActionContributionItem.java:452)
	at org.eclipse.swt.widgets.EventTable.sendEvent(EventTable.java:84)
	at org.eclipse.swt.widgets.Widget.sendEvent(Widget.java:1258)
	at org.eclipse.swt.widgets.Display.runDeferredEvents(Display.java:3588)
	at org.eclipse.swt.widgets.Display.readAndDispatch(Display.java:3209)
	at org.eclipse.ui.internal.Workbench.runEventLoop(Workbench.java:2701)
	at org.eclipse.ui.internal.Workbench.runUI(Workbench.java:2665)
	at org.eclipse.ui.internal.Workbench.access$4(Workbench.java:2499)
	at org.eclipse.ui.internal.Workbench$7.run(Workbench.java:679)
	at org.eclipse.core.databinding.observable.Realm.runWithDefault(Realm.java:332)
	at org.eclipse.ui.internal.Workbench.createAndRunWorkbench(Workbench.java:668)
	at org.eclipse.ui.PlatformUI.createAndRunWorkbench(PlatformUI.java:149)
	at org.eclipse.ui.internal.ide.application.IDEApplication.start(IDEApplication.java:123)
	at org.eclipse.equinox.internal.app.EclipseAppHandle.run(EclipseAppHandle.java:196)
	at org.eclipse.core.runtime.internal.adaptor.EclipseAppLauncher.runApplication(EclipseAppLauncher.java:110)
	at org.eclipse.core.runtime.internal.adaptor.EclipseAppLauncher.start(EclipseAppLauncher.java:79)
	at org.eclipse.core.runtime.adaptor.EclipseStarter.run(EclipseStarter.java:344)
	at org.eclipse.core.runtime.adaptor.EclipseStarter.run(EclipseStarter.java:179)
	at sun.reflect.NativeMethodAccessorImpl.invoke0(Native Method)
	at sun.reflect.NativeMethodAccessorImpl.invoke(NativeMethodAccessorImpl.java:57)
	at sun.reflect.DelegatingMethodAccessorImpl.invoke(DelegatingMethodAccessorImpl.java:43)
	at java.lang.reflect.Method.invoke(Method.java:616)
	at org.eclipse.equinox.launcher.Main.invokeFramework(Main.java:622)
	at org.eclipse.equinox.launcher.Main.basicRun(Main.java:577)
	at org.eclipse.equinox.launcher.Main.run(Main.java:1410)
	at org.eclipse.equinox.launcher.Main.main(Main.java:1386)
!SESSION 2013-11-11 20:57:31.870 -----------------------------------------------
eclipse.buildId=I20110613-1736
java.version=1.6.0_27
java.vendor=Sun Microsystems Inc.
BootLoader constants: OS=linux, ARCH=x86_64, WS=gtk, NL=en_US
Command-line arguments:  -os linux -ws gtk -arch x86_64

!ENTRY org.eclipse.ui 4 0 2013-11-11 20:58:38.723
!MESSAGE Unhandled event loop exception
!STACK 0
java.lang.NullPointerException
	at org.eclipse.ant.internal.ui.AntUtil.isKnownAntFile(AntUtil.java:594)
	at org.eclipse.ant.internal.ui.launchConfigurations.AntLaunchShortcut.launch(AntLaunchShortcut.java:466)
	at org.eclipse.debug.internal.ui.launchConfigurations.LaunchShortcutExtension.launch(LaunchShortcutExtension.java:424)
	at org.eclipse.debug.internal.ui.contextlaunching.ContextRunner.launchShortcut(ContextRunner.java:217)
	at org.eclipse.debug.internal.ui.contextlaunching.ContextRunner.showShortcutSelectionDialog(ContextRunner.java:286)
	at org.eclipse.debug.internal.ui.contextlaunching.ContextRunner.selectAndLaunch(ContextRunner.java:140)
	at org.eclipse.debug.internal.ui.contextlaunching.ContextRunner.launch(ContextRunner.java:82)
	at org.eclipse.debug.ui.actions.AbstractLaunchToolbarAction.run(AbstractLaunchToolbarAction.java:79)
	at org.eclipse.debug.ui.actions.AbstractLaunchHistoryAction.runWithEvent(AbstractLaunchHistoryAction.java:404)
	at org.eclipse.ui.internal.PluginAction.runWithEvent(PluginAction.java:241)
	at org.eclipse.ui.internal.WWinPluginAction.runWithEvent(WWinPluginAction.java:229)
	at org.eclipse.jface.action.ActionContributionItem.handleWidgetSelection(ActionContributionItem.java:584)
	at org.eclipse.jface.action.ActionContributionItem.access$2(ActionContributionItem.java:501)
	at org.eclipse.jface.action.ActionContributionItem$6.handleEvent(ActionContributionItem.java:452)
	at org.eclipse.swt.widgets.EventTable.sendEvent(EventTable.java:84)
	at org.eclipse.swt.widgets.Widget.sendEvent(Widget.java:1258)
	at org.eclipse.swt.widgets.Display.runDeferredEvents(Display.java:3588)
	at org.eclipse.swt.widgets.Display.readAndDispatch(Display.java:3209)
	at org.eclipse.ui.internal.Workbench.runEventLoop(Workbench.java:2701)
	at org.eclipse.ui.internal.Workbench.runUI(Workbench.java:2665)
	at org.eclipse.ui.internal.Workbench.access$4(Workbench.java:2499)
	at org.eclipse.ui.internal.Workbench$7.run(Workbench.java:679)
	at org.eclipse.core.databinding.observable.Realm.runWithDefault(Realm.java:332)
	at org.eclipse.ui.internal.Workbench.createAndRunWorkbench(Workbench.java:668)
	at org.eclipse.ui.PlatformUI.createAndRunWorkbench(PlatformUI.java:149)
	at org.eclipse.ui.internal.ide.application.IDEApplication.start(IDEApplication.java:123)
	at org.eclipse.equinox.internal.app.EclipseAppHandle.run(EclipseAppHandle.java:196)
	at org.eclipse.core.runtime.internal.adaptor.EclipseAppLauncher.runApplication(EclipseAppLauncher.java:110)
	at org.eclipse.core.runtime.internal.adaptor.EclipseAppLauncher.start(EclipseAppLauncher.java:79)
	at org.eclipse.core.runtime.adaptor.EclipseStarter.run(EclipseStarter.java:344)
	at org.eclipse.core.runtime.adaptor.EclipseStarter.run(EclipseStarter.java:179)
	at sun.reflect.NativeMethodAccessorImpl.invoke0(Native Method)
	at sun.reflect.NativeMethodAccessorImpl.invoke(NativeMethodAccessorImpl.java:57)
	at sun.reflect.DelegatingMethodAccessorImpl.invoke(DelegatingMethodAccessorImpl.java:43)
	at java.lang.reflect.Method.invoke(Method.java:616)
	at org.eclipse.equinox.launcher.Main.invokeFramework(Main.java:622)
	at org.eclipse.equinox.launcher.Main.basicRun(Main.java:577)
	at org.eclipse.equinox.launcher.Main.run(Main.java:1410)
	at org.eclipse.equinox.launcher.Main.main(Main.java:1386)
!SESSION 2013-11-27 14:22:48.445 -----------------------------------------------
eclipse.buildId=I20110613-1736
java.version=1.6.0_27
java.vendor=Sun Microsystems Inc.
BootLoader constants: OS=linux, ARCH=x86_64, WS=gtk, NL=en_US
Command-line arguments:  -os linux -ws gtk -arch x86_64

!ENTRY org.eclipse.equinox.p2.ui 4 0 2013-11-27 14:30:17.375
!MESSAGE Unable to read repository at http://%20https:/dl-ssl.google.com/android/eclipse/content.xml.
!STACK 1
org.eclipse.equinox.p2.core.ProvisionException: Unable to read repository at http://%20https:/dl-ssl.google.com/android/eclipse/content.xml.
	at org.eclipse.equinox.internal.p2.repository.CacheManager.createCache(CacheManager.java:189)
	at org.eclipse.equinox.internal.p2.metadata.repository.SimpleMetadataRepositoryFactory.getLocalFile(SimpleMetadataRepositoryFactory.java:66)
	at org.eclipse.equinox.internal.p2.metadata.repository.SimpleMetadataRepositoryFactory.load(SimpleMetadataRepositoryFactory.java:88)
	at org.eclipse.equinox.internal.p2.metadata.repository.MetadataRepositoryManager.factoryLoad(MetadataRepositoryManager.java:57)
	at org.eclipse.equinox.internal.p2.repository.helpers.AbstractRepositoryManager.loadRepository(AbstractRepositoryManager.java:749)
	at org.eclipse.equinox.internal.p2.repository.helpers.AbstractRepositoryManager.loadRepository(AbstractRepositoryManager.java:651)
	at org.eclipse.equinox.internal.p2.metadata.repository.MetadataRepositoryManager.loadRepository(MetadataRepositoryManager.java:96)
	at org.eclipse.equinox.internal.p2.metadata.repository.MetadataRepositoryManager.loadRepository(MetadataRepositoryManager.java:92)
	at org.eclipse.equinox.p2.ui.ProvisioningUI.loadMetadataRepository(ProvisioningUI.java:402)
	at org.eclipse.equinox.internal.p2.ui.model.MetadataRepositoryElement.getMetadataRepository(MetadataRepositoryElement.java:120)
	at org.eclipse.equinox.internal.p2.ui.model.MetadataRepositoryElement.fetchChildren(MetadataRepositoryElement.java:70)
	at org.eclipse.equinox.internal.p2.ui.model.RemoteQueriedElement.fetchDeferredChildren(RemoteQueriedElement.java:34)
	at org.eclipse.ui.progress.DeferredTreeContentManager$1.run(DeferredTreeContentManager.java:235)
	at org.eclipse.core.internal.jobs.Worker.run(Worker.java:54)
Caused by: java.lang.NumberFormatException: For input string: ""
	at java.lang.NumberFormatException.forInputString(NumberFormatException.java:65)
	at java.lang.Integer.parseInt(Integer.java:493)
	at java.lang.Integer.parseInt(Integer.java:514)
	at org.eclipse.ecf.provider.filetransfer.httpclient.HttpClientRetrieveFileTransfer.getPortFromURL(HttpClientRetrieveFileTransfer.java:855)
	at org.eclipse.ecf.provider.filetransfer.httpclient.HttpClientRetrieveFileTransfer$HostConfigHelper.setTargetHostByURL(HttpClientRetrieveFileTransfer.java:239)
	at org.eclipse.ecf.provider.filetransfer.httpclient.HttpClientFileSystemBrowser.setupHostAndPort(HttpClientFileSystemBrowser.java:284)
	at org.eclipse.ecf.provider.filetransfer.httpclient.HttpClientFileSystemBrowser.runRequest(HttpClientFileSystemBrowser.java:210)
	at org.eclipse.ecf.provider.filetransfer.browse.AbstractFileSystemBrowser$DirectoryJob.run(AbstractFileSystemBrowser.java:69)
	... 1 more
!SUBENTRY 1 org.eclipse.equinox.p2.transport.ecf 4 1002 2013-11-27 14:30:17.377
!MESSAGE Unable to read repository at http://%20https:/dl-ssl.google.com/android/eclipse/content.xml.
!STACK 0
java.lang.NumberFormatException: For input string: ""
	at java.lang.NumberFormatException.forInputString(NumberFormatException.java:65)
	at java.lang.Integer.parseInt(Integer.java:493)
	at java.lang.Integer.parseInt(Integer.java:514)
	at org.eclipse.ecf.provider.filetransfer.httpclient.HttpClientRetrieveFileTransfer.getPortFromURL(HttpClientRetrieveFileTransfer.java:855)
	at org.eclipse.ecf.provider.filetransfer.httpclient.HttpClientRetrieveFileTransfer$HostConfigHelper.setTargetHostByURL(HttpClientRetrieveFileTransfer.java:239)
	at org.eclipse.ecf.provider.filetransfer.httpclient.HttpClientFileSystemBrowser.setupHostAndPort(HttpClientFileSystemBrowser.java:284)
	at org.eclipse.ecf.provider.filetransfer.httpclient.HttpClientFileSystemBrowser.runRequest(HttpClientFileSystemBrowser.java:210)
	at org.eclipse.ecf.provider.filetransfer.browse.AbstractFileSystemBrowser$DirectoryJob.run(AbstractFileSystemBrowser.java:69)
	at org.eclipse.core.internal.jobs.Worker.run(Worker.java:54)

!ENTRY org.eclipse.equinox.p2.ui 4 0 2013-11-27 14:30:17.383
!MESSAGE Unable to read repository at http://%20https:/dl-ssl.google.com/android/eclipse/content.xml.
!STACK 1
org.eclipse.equinox.p2.core.ProvisionException: Unable to read repository at http://%20https:/dl-ssl.google.com/android/eclipse/content.xml.
	at org.eclipse.equinox.internal.p2.repository.CacheManager.createCache(CacheManager.java:189)
	at org.eclipse.equinox.internal.p2.metadata.repository.SimpleMetadataRepositoryFactory.getLocalFile(SimpleMetadataRepositoryFactory.java:66)
	at org.eclipse.equinox.internal.p2.metadata.repository.SimpleMetadataRepositoryFactory.load(SimpleMetadataRepositoryFactory.java:88)
	at org.eclipse.equinox.internal.p2.metadata.repository.MetadataRepositoryManager.factoryLoad(MetadataRepositoryManager.java:57)
	at org.eclipse.equinox.internal.p2.repository.helpers.AbstractRepositoryManager.loadRepository(AbstractRepositoryManager.java:749)
	at org.eclipse.equinox.internal.p2.repository.helpers.AbstractRepositoryManager.loadRepository(AbstractRepositoryManager.java:651)
	at org.eclipse.equinox.internal.p2.metadata.repository.MetadataRepositoryManager.loadRepository(MetadataRepositoryManager.java:96)
	at org.eclipse.equinox.internal.p2.metadata.repository.MetadataRepositoryManager.loadRepository(MetadataRepositoryManager.java:92)
	at org.eclipse.equinox.p2.ui.ProvisioningUI.loadMetadataRepository(ProvisioningUI.java:402)
	at org.eclipse.equinox.internal.p2.ui.model.MetadataRepositoryElement.getMetadataRepository(MetadataRepositoryElement.java:120)
	at org.eclipse.equinox.internal.p2.ui.model.MetadataRepositoryElement.getRepository(MetadataRepositoryElement.java:109)
	at org.eclipse.equinox.internal.p2.ui.model.MetadataRepositoryElement.getQueryable(MetadataRepositoryElement.java:103)
	at org.eclipse.equinox.internal.p2.ui.QueryProvider.getQueryDescriptor(QueryProvider.java:88)
	at org.eclipse.equinox.internal.p2.ui.model.QueriedElement.fetchChildren(QueriedElement.java:101)
	at org.eclipse.equinox.internal.p2.ui.model.MetadataRepositoryElement.fetchChildren(MetadataRepositoryElement.java:72)
	at org.eclipse.equinox.internal.p2.ui.model.RemoteQueriedElement.fetchDeferredChildren(RemoteQueriedElement.java:34)
	at org.eclipse.ui.progress.DeferredTreeContentManager$1.run(DeferredTreeContentManager.java:235)
	at org.eclipse.core.internal.jobs.Worker.run(Worker.java:54)
Caused by: java.lang.NumberFormatException: For input string: ""
	at java.lang.NumberFormatException.forInputString(NumberFormatException.java:65)
	at java.lang.Integer.parseInt(Integer.java:493)
	at java.lang.Integer.parseInt(Integer.java:514)
	at org.eclipse.ecf.provider.filetransfer.httpclient.HttpClientRetrieveFileTransfer.getPortFromURL(HttpClientRetrieveFileTransfer.java:855)
	at org.eclipse.ecf.provider.filetransfer.httpclient.HttpClientRetrieveFileTransfer$HostConfigHelper.setTargetHostByURL(HttpClientRetrieveFileTransfer.java:239)
	at org.eclipse.ecf.provider.filetransfer.httpclient.HttpClientFileSystemBrowser.setupHostAndPort(HttpClientFileSystemBrowser.java:284)
	at org.eclipse.ecf.provider.filetransfer.httpclient.HttpClientFileSystemBrowser.runRequest(HttpClientFileSystemBrowser.java:210)
	at org.eclipse.ecf.provider.filetransfer.browse.AbstractFileSystemBrowser$DirectoryJob.run(AbstractFileSystemBrowser.java:69)
	... 1 more
!SUBENTRY 1 org.eclipse.equinox.p2.transport.ecf 4 1002 2013-11-27 14:30:17.384
!MESSAGE Unable to read repository at http://%20https:/dl-ssl.google.com/android/eclipse/content.xml.
!STACK 0
java.lang.NumberFormatException: For input string: ""
	at java.lang.NumberFormatException.forInputString(NumberFormatException.java:65)
	at java.lang.Integer.parseInt(Integer.java:493)
	at java.lang.Integer.parseInt(Integer.java:514)
	at org.eclipse.ecf.provider.filetransfer.httpclient.HttpClientRetrieveFileTransfer.getPortFromURL(HttpClientRetrieveFileTransfer.java:855)
	at org.eclipse.ecf.provider.filetransfer.httpclient.HttpClientRetrieveFileTransfer$HostConfigHelper.setTargetHostByURL(HttpClientRetrieveFileTransfer.java:239)
	at org.eclipse.ecf.provider.filetransfer.httpclient.HttpClientFileSystemBrowser.setupHostAndPort(HttpClientFileSystemBrowser.java:284)
	at org.eclipse.ecf.provider.filetransfer.httpclient.HttpClientFileSystemBrowser.runRequest(HttpClientFileSystemBrowser.java:210)
	at org.eclipse.ecf.provider.filetransfer.browse.AbstractFileSystemBrowser$DirectoryJob.run(AbstractFileSystemBrowser.java:69)
	at org.eclipse.core.internal.jobs.Worker.run(Worker.java:54)

!ENTRY org.eclipse.equinox.p2.core 4 0 2013-11-27 14:32:12.558
!MESSAGE Provisioning exception
!STACK 1
org.eclipse.equinox.p2.core.ProvisionException: Unable to read repository at http://%20https:/dl-ssl.google.com/android/eclipse/content.xml.
	at org.eclipse.equinox.internal.p2.repository.CacheManager.createCache(CacheManager.java:189)
	at org.eclipse.equinox.internal.p2.metadata.repository.SimpleMetadataRepositoryFactory.getLocalFile(SimpleMetadataRepositoryFactory.java:66)
	at org.eclipse.equinox.internal.p2.metadata.repository.SimpleMetadataRepositoryFactory.load(SimpleMetadataRepositoryFactory.java:88)
	at org.eclipse.equinox.internal.p2.metadata.repository.MetadataRepositoryManager.factoryLoad(MetadataRepositoryManager.java:57)
	at org.eclipse.equinox.internal.p2.repository.helpers.AbstractRepositoryManager.loadRepository(AbstractRepositoryManager.java:749)
	at org.eclipse.equinox.internal.p2.repository.helpers.AbstractRepositoryManager.loadRepository(AbstractRepositoryManager.java:651)
	at org.eclipse.equinox.internal.p2.metadata.repository.MetadataRepositoryManager.loadRepository(MetadataRepositoryManager.java:96)
	at org.eclipse.equinox.internal.p2.metadata.repository.MetadataRepositoryManager.loadRepository(MetadataRepositoryManager.java:92)
	at org.eclipse.equinox.p2.ui.LoadMetadataRepositoryJob.doLoad(LoadMetadataRepositoryJob.java:117)
	at org.eclipse.equinox.p2.ui.LoadMetadataRepositoryJob.runModal(LoadMetadataRepositoryJob.java:102)
	at org.eclipse.equinox.internal.p2.ui.sdk.PreloadingRepositoryHandler$2.runModal(PreloadingRepositoryHandler.java:82)
	at org.eclipse.equinox.p2.operations.ProvisioningJob.run(ProvisioningJob.java:177)
	at org.eclipse.core.internal.jobs.Worker.run(Worker.java:54)
Caused by: java.lang.NumberFormatException: For input string: ""
	at java.lang.NumberFormatException.forInputString(NumberFormatException.java:65)
	at java.lang.Integer.parseInt(Integer.java:493)
	at java.lang.Integer.parseInt(Integer.java:514)
	at org.eclipse.ecf.provider.filetransfer.httpclient.HttpClientRetrieveFileTransfer.getPortFromURL(HttpClientRetrieveFileTransfer.java:855)
	at org.eclipse.ecf.provider.filetransfer.httpclient.HttpClientRetrieveFileTransfer$HostConfigHelper.setTargetHostByURL(HttpClientRetrieveFileTransfer.java:239)
	at org.eclipse.ecf.provider.filetransfer.httpclient.HttpClientFileSystemBrowser.setupHostAndPort(HttpClientFileSystemBrowser.java:284)
	at org.eclipse.ecf.provider.filetransfer.httpclient.HttpClientFileSystemBrowser.runRequest(HttpClientFileSystemBrowser.java:210)
	at org.eclipse.ecf.provider.filetransfer.browse.AbstractFileSystemBrowser$DirectoryJob.run(AbstractFileSystemBrowser.java:69)
	... 1 more
!SUBENTRY 1 org.eclipse.equinox.p2.transport.ecf 4 1002 2013-11-27 14:32:12.560
!MESSAGE Unable to read repository at http://%20https:/dl-ssl.google.com/android/eclipse/content.xml.
!STACK 0
java.lang.NumberFormatException: For input string: ""
	at java.lang.NumberFormatException.forInputString(NumberFormatException.java:65)
	at java.lang.Integer.parseInt(Integer.java:493)
	at java.lang.Integer.parseInt(Integer.java:514)
	at org.eclipse.ecf.provider.filetransfer.httpclient.HttpClientRetrieveFileTransfer.getPortFromURL(HttpClientRetrieveFileTransfer.java:855)
	at org.eclipse.ecf.provider.filetransfer.httpclient.HttpClientRetrieveFileTransfer$HostConfigHelper.setTargetHostByURL(HttpClientRetrieveFileTransfer.java:239)
	at org.eclipse.ecf.provider.filetransfer.httpclient.HttpClientFileSystemBrowser.setupHostAndPort(HttpClientFileSystemBrowser.java:284)
	at org.eclipse.ecf.provider.filetransfer.httpclient.HttpClientFileSystemBrowser.runRequest(HttpClientFileSystemBrowser.java:210)
	at org.eclipse.ecf.provider.filetransfer.browse.AbstractFileSystemBrowser$DirectoryJob.run(AbstractFileSystemBrowser.java:69)
	at org.eclipse.core.internal.jobs.Worker.run(Worker.java:54)

!ENTRY org.eclipse.equinox.p2.transport.ecf 4 1002 2013-11-27 14:32:12.560
!MESSAGE Unable to read repository at http://%20https:/dl-ssl.google.com/android/eclipse/content.xml.
!STACK 0
java.lang.NumberFormatException: For input string: ""
	at java.lang.NumberFormatException.forInputString(NumberFormatException.java:65)
	at java.lang.Integer.parseInt(Integer.java:493)
	at java.lang.Integer.parseInt(Integer.java:514)
	at org.eclipse.ecf.provider.filetransfer.httpclient.HttpClientRetrieveFileTransfer.getPortFromURL(HttpClientRetrieveFileTransfer.java:855)
	at org.eclipse.ecf.provider.filetransfer.httpclient.HttpClientRetrieveFileTransfer$HostConfigHelper.setTargetHostByURL(HttpClientRetrieveFileTransfer.java:239)
	at org.eclipse.ecf.provider.filetransfer.httpclient.HttpClientFileSystemBrowser.setupHostAndPort(HttpClientFileSystemBrowser.java:284)
	at org.eclipse.ecf.provider.filetransfer.httpclient.HttpClientFileSystemBrowser.runRequest(HttpClientFileSystemBrowser.java:210)
	at org.eclipse.ecf.provider.filetransfer.browse.AbstractFileSystemBrowser$DirectoryJob.run(AbstractFileSystemBrowser.java:69)
	at org.eclipse.core.internal.jobs.Worker.run(Worker.java:54)
!SESSION 2013-11-27 14:37:40.146 -----------------------------------------------
eclipse.buildId=I20110613-1736
java.version=1.6.0_27
java.vendor=Sun Microsystems Inc.
BootLoader constants: OS=linux, ARCH=x86_64, WS=gtk, NL=en_US
Command-line arguments:  -os linux -ws gtk -arch x86_64

!ENTRY com.android.ide.eclipse.ddms 4 0 2013-11-27 14:41:35.016
!MESSAGE DDMS files not found: /home/david/android-sdk-linux/platform-tools/adb 

!ENTRY com.android.ide.eclipse.ddms 4 0 2013-11-27 14:41:35.023
!MESSAGE DDMS files not found: /home/david/android-sdk-linux/platform-tools/adb 

!ENTRY org.eclipse.equinox.p2.core 4 0 2013-11-27 14:45:08.698
!MESSAGE Provisioning exception
!STACK 1
org.eclipse.equinox.p2.core.ProvisionException: Unable to read repository at http://%20https:/dl-ssl.google.com/android/eclipse/content.xml.
	at org.eclipse.equinox.internal.p2.repository.CacheManager.createCache(CacheManager.java:189)
	at org.eclipse.equinox.internal.p2.metadata.repository.SimpleMetadataRepositoryFactory.getLocalFile(SimpleMetadataRepositoryFactory.java:66)
	at org.eclipse.equinox.internal.p2.metadata.repository.SimpleMetadataRepositoryFactory.load(SimpleMetadataRepositoryFactory.java:88)
	at org.eclipse.equinox.internal.p2.metadata.repository.MetadataRepositoryManager.factoryLoad(MetadataRepositoryManager.java:57)
	at org.eclipse.equinox.internal.p2.repository.helpers.AbstractRepositoryManager.loadRepository(AbstractRepositoryManager.java:749)
	at org.eclipse.equinox.internal.p2.repository.helpers.AbstractRepositoryManager.loadRepository(AbstractRepositoryManager.java:651)
	at org.eclipse.equinox.internal.p2.metadata.repository.MetadataRepositoryManager.loadRepository(MetadataRepositoryManager.java:96)
	at org.eclipse.equinox.internal.p2.metadata.repository.MetadataRepositoryManager.loadRepository(MetadataRepositoryManager.java:92)
	at org.eclipse.equinox.p2.ui.LoadMetadataRepositoryJob.doLoad(LoadMetadataRepositoryJob.java:117)
	at org.eclipse.equinox.p2.ui.LoadMetadataRepositoryJob.runModal(LoadMetadataRepositoryJob.java:102)
	at org.eclipse.equinox.internal.p2.ui.sdk.PreloadingRepositoryHandler$2.runModal(PreloadingRepositoryHandler.java:82)
	at org.eclipse.equinox.p2.operations.ProvisioningJob.run(ProvisioningJob.java:177)
	at org.eclipse.core.internal.jobs.Worker.run(Worker.java:54)
Caused by: java.lang.NumberFormatException: For input string: ""
	at java.lang.NumberFormatException.forInputString(NumberFormatException.java:65)
	at java.lang.Integer.parseInt(Integer.java:493)
	at java.lang.Integer.parseInt(Integer.java:514)
	at org.eclipse.ecf.provider.filetransfer.httpclient.HttpClientRetrieveFileTransfer.getPortFromURL(HttpClientRetrieveFileTransfer.java:855)
	at org.eclipse.ecf.provider.filetransfer.httpclient.HttpClientRetrieveFileTransfer$HostConfigHelper.setTargetHostByURL(HttpClientRetrieveFileTransfer.java:239)
	at org.eclipse.ecf.provider.filetransfer.httpclient.HttpClientFileSystemBrowser.setupHostAndPort(HttpClientFileSystemBrowser.java:284)
	at org.eclipse.ecf.provider.filetransfer.httpclient.HttpClientFileSystemBrowser.runRequest(HttpClientFileSystemBrowser.java:210)
	at org.eclipse.ecf.provider.filetransfer.browse.AbstractFileSystemBrowser$DirectoryJob.run(AbstractFileSystemBrowser.java:69)
	... 1 more
!SUBENTRY 1 org.eclipse.equinox.p2.transport.ecf 4 1002 2013-11-27 14:45:08.699
!MESSAGE Unable to read repository at http://%20https:/dl-ssl.google.com/android/eclipse/content.xml.
!STACK 0
java.lang.NumberFormatException: For input string: ""
	at java.lang.NumberFormatException.forInputString(NumberFormatException.java:65)
	at java.lang.Integer.parseInt(Integer.java:493)
	at java.lang.Integer.parseInt(Integer.java:514)
	at org.eclipse.ecf.provider.filetransfer.httpclient.HttpClientRetrieveFileTransfer.getPortFromURL(HttpClientRetrieveFileTransfer.java:855)
	at org.eclipse.ecf.provider.filetransfer.httpclient.HttpClientRetrieveFileTransfer$HostConfigHelper.setTargetHostByURL(HttpClientRetrieveFileTransfer.java:239)
	at org.eclipse.ecf.provider.filetransfer.httpclient.HttpClientFileSystemBrowser.setupHostAndPort(HttpClientFileSystemBrowser.java:284)
	at org.eclipse.ecf.provider.filetransfer.httpclient.HttpClientFileSystemBrowser.runRequest(HttpClientFileSystemBrowser.java:210)
	at org.eclipse.ecf.provider.filetransfer.browse.AbstractFileSystemBrowser$DirectoryJob.run(AbstractFileSystemBrowser.java:69)
	at org.eclipse.core.internal.jobs.Worker.run(Worker.java:54)

!ENTRY org.eclipse.equinox.p2.transport.ecf 4 1002 2013-11-27 14:45:13.614
!MESSAGE Unable to read repository at http://%20https:/dl-ssl.google.com/android/eclipse/content.xml.
!STACK 0
java.lang.NumberFormatException: For input string: ""
	at java.lang.NumberFormatException.forInputString(NumberFormatException.java:65)
	at java.lang.Integer.parseInt(Integer.java:493)
	at java.lang.Integer.parseInt(Integer.java:514)
	at org.eclipse.ecf.provider.filetransfer.httpclient.HttpClientRetrieveFileTransfer.getPortFromURL(HttpClientRetrieveFileTransfer.java:855)
	at org.eclipse.ecf.provider.filetransfer.httpclient.HttpClientRetrieveFileTransfer$HostConfigHelper.setTargetHostByURL(HttpClientRetrieveFileTransfer.java:239)
	at org.eclipse.ecf.provider.filetransfer.httpclient.HttpClientFileSystemBrowser.setupHostAndPort(HttpClientFileSystemBrowser.java:284)
	at org.eclipse.ecf.provider.filetransfer.httpclient.HttpClientFileSystemBrowser.runRequest(HttpClientFileSystemBrowser.java:210)
	at org.eclipse.ecf.provider.filetransfer.browse.AbstractFileSystemBrowser$DirectoryJob.run(AbstractFileSystemBrowser.java:69)
	at org.eclipse.core.internal.jobs.Worker.run(Worker.java:54)

!ENTRY org.eclipse.equinox.p2.core 4 0 2013-11-27 15:01:58.390
!MESSAGE Provisioning exception
!STACK 1
org.eclipse.equinox.p2.core.ProvisionException: Unable to read repository at http://%20https:/dl-ssl.google.com/android/eclipse/content.xml.
	at org.eclipse.equinox.internal.p2.repository.CacheManager.createCache(CacheManager.java:189)
	at org.eclipse.equinox.internal.p2.metadata.repository.SimpleMetadataRepositoryFactory.getLocalFile(SimpleMetadataRepositoryFactory.java:66)
	at org.eclipse.equinox.internal.p2.metadata.repository.SimpleMetadataRepositoryFactory.load(SimpleMetadataRepositoryFactory.java:88)
	at org.eclipse.equinox.internal.p2.metadata.repository.MetadataRepositoryManager.factoryLoad(MetadataRepositoryManager.java:57)
	at org.eclipse.equinox.internal.p2.repository.helpers.AbstractRepositoryManager.loadRepository(AbstractRepositoryManager.java:749)
	at org.eclipse.equinox.internal.p2.repository.helpers.AbstractRepositoryManager.loadRepository(AbstractRepositoryManager.java:651)
	at org.eclipse.equinox.internal.p2.metadata.repository.MetadataRepositoryManager.loadRepository(MetadataRepositoryManager.java:96)
	at org.eclipse.equinox.internal.p2.metadata.repository.MetadataRepositoryManager.loadRepository(MetadataRepositoryManager.java:92)
	at org.eclipse.equinox.p2.ui.LoadMetadataRepositoryJob.doLoad(LoadMetadataRepositoryJob.java:117)
	at org.eclipse.equinox.p2.ui.LoadMetadataRepositoryJob.runModal(LoadMetadataRepositoryJob.java:102)
	at org.eclipse.equinox.internal.p2.ui.sdk.PreloadingRepositoryHandler$2.runModal(PreloadingRepositoryHandler.java:82)
	at org.eclipse.equinox.p2.operations.ProvisioningJob.run(ProvisioningJob.java:177)
	at org.eclipse.core.internal.jobs.Worker.run(Worker.java:54)
Caused by: java.lang.NumberFormatException: For input string: ""
	at java.lang.NumberFormatException.forInputString(NumberFormatException.java:65)
	at java.lang.Integer.parseInt(Integer.java:493)
	at java.lang.Integer.parseInt(Integer.java:514)
	at org.eclipse.ecf.provider.filetransfer.httpclient.HttpClientRetrieveFileTransfer.getPortFromURL(HttpClientRetrieveFileTransfer.java:855)
	at org.eclipse.ecf.provider.filetransfer.httpclient.HttpClientRetrieveFileTransfer$HostConfigHelper.setTargetHostByURL(HttpClientRetrieveFileTransfer.java:239)
	at org.eclipse.ecf.provider.filetransfer.httpclient.HttpClientFileSystemBrowser.setupHostAndPort(HttpClientFileSystemBrowser.java:284)
	at org.eclipse.ecf.provider.filetransfer.httpclient.HttpClientFileSystemBrowser.runRequest(HttpClientFileSystemBrowser.java:210)
	at org.eclipse.ecf.provider.filetransfer.browse.AbstractFileSystemBrowser$DirectoryJob.run(AbstractFileSystemBrowser.java:69)
	... 1 more
!SUBENTRY 1 org.eclipse.equinox.p2.transport.ecf 4 1002 2013-11-27 15:01:58.391
!MESSAGE Unable to read repository at http://%20https:/dl-ssl.google.com/android/eclipse/content.xml.
!STACK 0
java.lang.NumberFormatException: For input string: ""
	at java.lang.NumberFormatException.forInputString(NumberFormatException.java:65)
	at java.lang.Integer.parseInt(Integer.java:493)
	at java.lang.Integer.parseInt(Integer.java:514)
	at org.eclipse.ecf.provider.filetransfer.httpclient.HttpClientRetrieveFileTransfer.getPortFromURL(HttpClientRetrieveFileTransfer.java:855)
	at org.eclipse.ecf.provider.filetransfer.httpclient.HttpClientRetrieveFileTransfer$HostConfigHelper.setTargetHostByURL(HttpClientRetrieveFileTransfer.java:239)
	at org.eclipse.ecf.provider.filetransfer.httpclient.HttpClientFileSystemBrowser.setupHostAndPort(HttpClientFileSystemBrowser.java:284)
	at org.eclipse.ecf.provider.filetransfer.httpclient.HttpClientFileSystemBrowser.runRequest(HttpClientFileSystemBrowser.java:210)
	at org.eclipse.ecf.provider.filetransfer.browse.AbstractFileSystemBrowser$DirectoryJob.run(AbstractFileSystemBrowser.java:69)
	at org.eclipse.core.internal.jobs.Worker.run(Worker.java:54)

!ENTRY org.eclipse.equinox.p2.transport.ecf 4 1002 2013-11-27 15:01:58.391
!MESSAGE Unable to read repository at http://%20https:/dl-ssl.google.com/android/eclipse/content.xml.
!STACK 0
java.lang.NumberFormatException: For input string: ""
	at java.lang.NumberFormatException.forInputString(NumberFormatException.java:65)
	at java.lang.Integer.parseInt(Integer.java:493)
	at java.lang.Integer.parseInt(Integer.java:514)
	at org.eclipse.ecf.provider.filetransfer.httpclient.HttpClientRetrieveFileTransfer.getPortFromURL(HttpClientRetrieveFileTransfer.java:855)
	at org.eclipse.ecf.provider.filetransfer.httpclient.HttpClientRetrieveFileTransfer$HostConfigHelper.setTargetHostByURL(HttpClientRetrieveFileTransfer.java:239)
	at org.eclipse.ecf.provider.filetransfer.httpclient.HttpClientFileSystemBrowser.setupHostAndPort(HttpClientFileSystemBrowser.java:284)
	at org.eclipse.ecf.provider.filetransfer.httpclient.HttpClientFileSystemBrowser.runRequest(HttpClientFileSystemBrowser.java:210)
	at org.eclipse.ecf.provider.filetransfer.browse.AbstractFileSystemBrowser$DirectoryJob.run(AbstractFileSystemBrowser.java:69)
	at org.eclipse.core.internal.jobs.Worker.run(Worker.java:54)

!ENTRY org.eclipse.equinox.p2.core 4 0 2013-11-27 15:03:22.208
!MESSAGE Provisioning exception
!STACK 1
org.eclipse.equinox.p2.core.ProvisionException: Unable to read repository at http://%20https:/dl-ssl.google.com/android/eclipse/content.xml.
	at org.eclipse.equinox.internal.p2.repository.CacheManager.createCache(CacheManager.java:189)
	at org.eclipse.equinox.internal.p2.metadata.repository.SimpleMetadataRepositoryFactory.getLocalFile(SimpleMetadataRepositoryFactory.java:66)
	at org.eclipse.equinox.internal.p2.metadata.repository.SimpleMetadataRepositoryFactory.load(SimpleMetadataRepositoryFactory.java:88)
	at org.eclipse.equinox.internal.p2.metadata.repository.MetadataRepositoryManager.factoryLoad(MetadataRepositoryManager.java:57)
	at org.eclipse.equinox.internal.p2.repository.helpers.AbstractRepositoryManager.loadRepository(AbstractRepositoryManager.java:749)
	at org.eclipse.equinox.internal.p2.repository.helpers.AbstractRepositoryManager.loadRepository(AbstractRepositoryManager.java:651)
	at org.eclipse.equinox.internal.p2.metadata.repository.MetadataRepositoryManager.loadRepository(MetadataRepositoryManager.java:96)
	at org.eclipse.equinox.internal.p2.metadata.repository.MetadataRepositoryManager.loadRepository(MetadataRepositoryManager.java:92)
	at org.eclipse.equinox.p2.ui.LoadMetadataRepositoryJob.doLoad(LoadMetadataRepositoryJob.java:117)
	at org.eclipse.equinox.p2.ui.LoadMetadataRepositoryJob.runModal(LoadMetadataRepositoryJob.java:102)
	at org.eclipse.equinox.internal.p2.ui.sdk.PreloadingRepositoryHandler$2.runModal(PreloadingRepositoryHandler.java:82)
	at org.eclipse.equinox.p2.operations.ProvisioningJob.run(ProvisioningJob.java:177)
	at org.eclipse.core.internal.jobs.Worker.run(Worker.java:54)
Caused by: java.lang.NumberFormatException: For input string: ""
	at java.lang.NumberFormatException.forInputString(NumberFormatException.java:65)
	at java.lang.Integer.parseInt(Integer.java:493)
	at java.lang.Integer.parseInt(Integer.java:514)
	at org.eclipse.ecf.provider.filetransfer.httpclient.HttpClientRetrieveFileTransfer.getPortFromURL(HttpClientRetrieveFileTransfer.java:855)
	at org.eclipse.ecf.provider.filetransfer.httpclient.HttpClientRetrieveFileTransfer$HostConfigHelper.setTargetHostByURL(HttpClientRetrieveFileTransfer.java:239)
	at org.eclipse.ecf.provider.filetransfer.httpclient.HttpClientFileSystemBrowser.setupHostAndPort(HttpClientFileSystemBrowser.java:284)
	at org.eclipse.ecf.provider.filetransfer.httpclient.HttpClientFileSystemBrowser.runRequest(HttpClientFileSystemBrowser.java:210)
	at org.eclipse.ecf.provider.filetransfer.browse.AbstractFileSystemBrowser$DirectoryJob.run(AbstractFileSystemBrowser.java:69)
	... 1 more
!SUBENTRY 1 org.eclipse.equinox.p2.transport.ecf 4 1002 2013-11-27 15:03:22.209
!MESSAGE Unable to read repository at http://%20https:/dl-ssl.google.com/android/eclipse/content.xml.
!STACK 0
java.lang.NumberFormatException: For input string: ""
	at java.lang.NumberFormatException.forInputString(NumberFormatException.java:65)
	at java.lang.Integer.parseInt(Integer.java:493)
	at java.lang.Integer.parseInt(Integer.java:514)
	at org.eclipse.ecf.provider.filetransfer.httpclient.HttpClientRetrieveFileTransfer.getPortFromURL(HttpClientRetrieveFileTransfer.java:855)
	at org.eclipse.ecf.provider.filetransfer.httpclient.HttpClientRetrieveFileTransfer$HostConfigHelper.setTargetHostByURL(HttpClientRetrieveFileTransfer.java:239)
	at org.eclipse.ecf.provider.filetransfer.httpclient.HttpClientFileSystemBrowser.setupHostAndPort(HttpClientFileSystemBrowser.java:284)
	at org.eclipse.ecf.provider.filetransfer.httpclient.HttpClientFileSystemBrowser.runRequest(HttpClientFileSystemBrowser.java:210)
	at org.eclipse.ecf.provider.filetransfer.browse.AbstractFileSystemBrowser$DirectoryJob.run(AbstractFileSystemBrowser.java:69)
	at org.eclipse.core.internal.jobs.Worker.run(Worker.java:54)

!ENTRY org.eclipse.equinox.p2.transport.ecf 4 1002 2013-11-27 15:03:22.209
!MESSAGE Unable to read repository at http://%20https:/dl-ssl.google.com/android/eclipse/content.xml.
!STACK 0
java.lang.NumberFormatException: For input string: ""
	at java.lang.NumberFormatException.forInputString(NumberFormatException.java:65)
	at java.lang.Integer.parseInt(Integer.java:493)
	at java.lang.Integer.parseInt(Integer.java:514)
	at org.eclipse.ecf.provider.filetransfer.httpclient.HttpClientRetrieveFileTransfer.getPortFromURL(HttpClientRetrieveFileTransfer.java:855)
	at org.eclipse.ecf.provider.filetransfer.httpclient.HttpClientRetrieveFileTransfer$HostConfigHelper.setTargetHostByURL(HttpClientRetrieveFileTransfer.java:239)
	at org.eclipse.ecf.provider.filetransfer.httpclient.HttpClientFileSystemBrowser.setupHostAndPort(HttpClientFileSystemBrowser.java:284)
	at org.eclipse.ecf.provider.filetransfer.httpclient.HttpClientFileSystemBrowser.runRequest(HttpClientFileSystemBrowser.java:210)
	at org.eclipse.ecf.provider.filetransfer.browse.AbstractFileSystemBrowser$DirectoryJob.run(AbstractFileSystemBrowser.java:69)
	at org.eclipse.core.internal.jobs.Worker.run(Worker.java:54)

!ENTRY org.eclipse.equinox.p2.core 4 0 2013-11-27 15:05:07.275
!MESSAGE Provisioning exception
!STACK 1
org.eclipse.equinox.p2.core.ProvisionException: Unable to read repository at http://%20https:/dl-ssl.google.com/android/eclipse/content.xml.
	at org.eclipse.equinox.internal.p2.repository.CacheManager.createCache(CacheManager.java:189)
	at org.eclipse.equinox.internal.p2.metadata.repository.SimpleMetadataRepositoryFactory.getLocalFile(SimpleMetadataRepositoryFactory.java:66)
	at org.eclipse.equinox.internal.p2.metadata.repository.SimpleMetadataRepositoryFactory.load(SimpleMetadataRepositoryFactory.java:88)
	at org.eclipse.equinox.internal.p2.metadata.repository.MetadataRepositoryManager.factoryLoad(MetadataRepositoryManager.java:57)
	at org.eclipse.equinox.internal.p2.repository.helpers.AbstractRepositoryManager.loadRepository(AbstractRepositoryManager.java:749)
	at org.eclipse.equinox.internal.p2.repository.helpers.AbstractRepositoryManager.loadRepository(AbstractRepositoryManager.java:651)
	at org.eclipse.equinox.internal.p2.metadata.repository.MetadataRepositoryManager.loadRepository(MetadataRepositoryManager.java:96)
	at org.eclipse.equinox.internal.p2.metadata.repository.MetadataRepositoryManager.loadRepository(MetadataRepositoryManager.java:92)
	at org.eclipse.equinox.p2.ui.LoadMetadataRepositoryJob.doLoad(LoadMetadataRepositoryJob.java:117)
	at org.eclipse.equinox.p2.ui.LoadMetadataRepositoryJob.runModal(LoadMetadataRepositoryJob.java:102)
	at org.eclipse.equinox.internal.p2.ui.sdk.PreloadingRepositoryHandler$2.runModal(PreloadingRepositoryHandler.java:82)
	at org.eclipse.equinox.p2.operations.ProvisioningJob.run(ProvisioningJob.java:177)
	at org.eclipse.core.internal.jobs.Worker.run(Worker.java:54)
Caused by: java.lang.NumberFormatException: For input string: ""
	at java.lang.NumberFormatException.forInputString(NumberFormatException.java:65)
	at java.lang.Integer.parseInt(Integer.java:493)
	at java.lang.Integer.parseInt(Integer.java:514)
	at org.eclipse.ecf.provider.filetransfer.httpclient.HttpClientRetrieveFileTransfer.getPortFromURL(HttpClientRetrieveFileTransfer.java:855)
	at org.eclipse.ecf.provider.filetransfer.httpclient.HttpClientRetrieveFileTransfer$HostConfigHelper.setTargetHostByURL(HttpClientRetrieveFileTransfer.java:239)
	at org.eclipse.ecf.provider.filetransfer.httpclient.HttpClientFileSystemBrowser.setupHostAndPort(HttpClientFileSystemBrowser.java:284)
	at org.eclipse.ecf.provider.filetransfer.httpclient.HttpClientFileSystemBrowser.runRequest(HttpClientFileSystemBrowser.java:210)
	at org.eclipse.ecf.provider.filetransfer.browse.AbstractFileSystemBrowser$DirectoryJob.run(AbstractFileSystemBrowser.java:69)
	... 1 more
!SUBENTRY 1 org.eclipse.equinox.p2.transport.ecf 4 1002 2013-11-27 15:05:07.277
!MESSAGE Unable to read repository at http://%20https:/dl-ssl.google.com/android/eclipse/content.xml.
!STACK 0
java.lang.NumberFormatException: For input string: ""
	at java.lang.NumberFormatException.forInputString(NumberFormatException.java:65)
	at java.lang.Integer.parseInt(Integer.java:493)
	at java.lang.Integer.parseInt(Integer.java:514)
	at org.eclipse.ecf.provider.filetransfer.httpclient.HttpClientRetrieveFileTransfer.getPortFromURL(HttpClientRetrieveFileTransfer.java:855)
	at org.eclipse.ecf.provider.filetransfer.httpclient.HttpClientRetrieveFileTransfer$HostConfigHelper.setTargetHostByURL(HttpClientRetrieveFileTransfer.java:239)
	at org.eclipse.ecf.provider.filetransfer.httpclient.HttpClientFileSystemBrowser.setupHostAndPort(HttpClientFileSystemBrowser.java:284)
	at org.eclipse.ecf.provider.filetransfer.httpclient.HttpClientFileSystemBrowser.runRequest(HttpClientFileSystemBrowser.java:210)
	at org.eclipse.ecf.provider.filetransfer.browse.AbstractFileSystemBrowser$DirectoryJob.run(AbstractFileSystemBrowser.java:69)
	at org.eclipse.core.internal.jobs.Worker.run(Worker.java:54)

!ENTRY org.eclipse.equinox.p2.transport.ecf 4 1002 2013-11-27 15:05:07.277
!MESSAGE Unable to read repository at http://%20https:/dl-ssl.google.com/android/eclipse/content.xml.
!STACK 0
java.lang.NumberFormatException: For input string: ""
	at java.lang.NumberFormatException.forInputString(NumberFormatException.java:65)
	at java.lang.Integer.parseInt(Integer.java:493)
	at java.lang.Integer.parseInt(Integer.java:514)
	at org.eclipse.ecf.provider.filetransfer.httpclient.HttpClientRetrieveFileTransfer.getPortFromURL(HttpClientRetrieveFileTransfer.java:855)
	at org.eclipse.ecf.provider.filetransfer.httpclient.HttpClientRetrieveFileTransfer$HostConfigHelper.setTargetHostByURL(HttpClientRetrieveFileTransfer.java:239)
	at org.eclipse.ecf.provider.filetransfer.httpclient.HttpClientFileSystemBrowser.setupHostAndPort(HttpClientFileSystemBrowser.java:284)
	at org.eclipse.ecf.provider.filetransfer.httpclient.HttpClientFileSystemBrowser.runRequest(HttpClientFileSystemBrowser.java:210)
	at org.eclipse.ecf.provider.filetransfer.browse.AbstractFileSystemBrowser$DirectoryJob.run(AbstractFileSystemBrowser.java:69)
	at org.eclipse.core.internal.jobs.Worker.run(Worker.java:54)

!ENTRY org.eclipse.ui 4 4 2013-11-27 15:10:38.235
!MESSAGE Invalid preference page path: XML Syntax
!SESSION 2013-11-27 15:10:40.865 -----------------------------------------------
eclipse.buildId=I20110613-1736
java.version=1.6.0_27
java.vendor=Sun Microsystems Inc.
BootLoader constants: OS=linux, ARCH=x86_64, WS=gtk, NL=en_US
Command-line arguments:  -os linux -ws gtk -arch x86_64

!ENTRY org.eclipse.ui 4 4 2013-11-27 15:28:55.950
!MESSAGE Invalid preference page path: XML Syntax
!SESSION 2013-11-27 15:30:10.061 -----------------------------------------------
eclipse.buildId=I20120608-1400
java.version=1.7.0_05
java.vendor=Oracle Corporation
BootLoader constants: OS=win32, ARCH=x86_64, WS=win32, NL=en_US
Command-line arguments:  -os win32 -ws win32 -arch x86_64

!ENTRY org.eclipse.ui 2 2 2013-11-27 15:31:00.584
!MESSAGE Invalid property category path: ValidationPropertiesPage (bundle: org.eclipse.wst.xml.ui, propertyPage: org.eclipse.wst.xml.ui.propertyPage.project.validation)
!SESSION 2013-11-27 15:29:27.860 -----------------------------------------------
eclipse.buildId=I20110613-1736
java.version=1.6.0_27
java.vendor=Sun Microsystems Inc.
BootLoader constants: OS=linux, ARCH=x86_64, WS=gtk, NL=en_US
Command-line arguments:  -os linux -ws gtk -arch x86_64

!ENTRY org.eclipse.ui 4 4 2013-11-27 22:35:36.074
!MESSAGE Invalid preference page path: XML Syntax
!SESSION 2013-11-27 22:35:37.367 -----------------------------------------------
eclipse.buildId=I20110613-1736
java.version=1.6.0_27
java.vendor=Sun Microsystems Inc.
BootLoader constants: OS=linux, ARCH=x86_64, WS=gtk, NL=en_US
Command-line arguments:  -os linux -ws gtk -arch x86_64

!ENTRY org.eclipse.ui 4 4 2013-11-27 22:36:07.443
!MESSAGE Invalid preference page path: Usage Stats

!ENTRY org.eclipse.ui 4 4 2013-11-27 22:36:07.445
!MESSAGE Invalid preference page path: DDMS

!ENTRY org.eclipse.ui 4 4 2013-11-27 22:36:07.445
!MESSAGE Invalid preference page path: LogCat
!SESSION 2013-11-27 22:49:42.973 -----------------------------------------------
eclipse.buildId=4.3.0.M20130911-1000
java.version=1.6.0_27
java.vendor=Sun Microsystems Inc.
BootLoader constants: OS=linux, ARCH=x86_64, WS=gtk, NL=en_US
Framework arguments:  -product org.eclipse.epp.package.standard.product
Command-line arguments:  -os linux -ws gtk -arch x86_64 -product org.eclipse.epp.package.standard.product

!ENTRY org.eclipse.ui 4 4 2013-11-27 22:50:21.506
!MESSAGE Unable to find Action Set: adt.actionSet.wizards

!ENTRY org.eclipse.ui 4 4 2013-11-27 22:50:21.508
!MESSAGE Unable to find Action Set: adt.actionSet.refactorings

!ENTRY org.eclipse.ui 4 4 2013-11-27 22:50:21.508
!MESSAGE Unable to find Action Set: adt.actionSet.avdManager

!ENTRY org.eclipse.ui 4 4 2013-11-27 22:50:21.508
!MESSAGE Unable to find Action Set: adt.actionSet.lint
!SESSION 2013-11-27 22:57:29.954 -----------------------------------------------
eclipse.buildId=4.3.0.M20130911-1000
java.version=1.6.0_27
java.vendor=Sun Microsystems Inc.
BootLoader constants: OS=linux, ARCH=x86_64, WS=gtk, NL=en_US
Framework arguments:  -product org.eclipse.epp.package.standard.product
Command-line arguments:  -os linux -ws gtk -arch x86_64 -product org.eclipse.epp.package.standard.product

!ENTRY org.eclipse.ui 4 4 2013-11-27 22:57:35.184
!MESSAGE Unable to find Action Set: adt.actionSet.wizards

!ENTRY org.eclipse.ui 4 4 2013-11-27 22:57:35.186
!MESSAGE Unable to find Action Set: adt.actionSet.refactorings

!ENTRY org.eclipse.ui 4 4 2013-11-27 22:57:35.186
!MESSAGE Unable to find Action Set: adt.actionSet.avdManager

!ENTRY org.eclipse.ui 4 4 2013-11-27 22:57:35.186
!MESSAGE Unable to find Action Set: adt.actionSet.lint
!SESSION 2013-11-27 23:09:34.066 -----------------------------------------------
eclipse.buildId=4.3.0.M20130911-1000
java.version=1.6.0_27
java.vendor=Sun Microsystems Inc.
BootLoader constants: OS=linux, ARCH=x86_64, WS=gtk, NL=en_US
Framework arguments:  -product org.eclipse.epp.package.standard.product
Command-line arguments:  -os linux -ws gtk -arch x86_64 -product org.eclipse.epp.package.standard.product

!ENTRY org.eclipse.core.resources 2 10035 2013-11-27 23:09:35.807
!MESSAGE The workspace exited with unsaved changes in the previous session; refreshing workspace to recover changes.

!ENTRY org.eclipse.ui 4 4 2013-11-27 23:09:43.183
!MESSAGE Unable to find Action Set: adt.actionSet.wizards

!ENTRY org.eclipse.ui 4 4 2013-11-27 23:09:43.184
!MESSAGE Unable to find Action Set: adt.actionSet.refactorings

!ENTRY org.eclipse.ui 4 4 2013-11-27 23:09:43.185
!MESSAGE Unable to find Action Set: adt.actionSet.avdManager

!ENTRY org.eclipse.ui 4 4 2013-11-27 23:09:43.185
!MESSAGE Unable to find Action Set: adt.actionSet.lint
!SESSION 2013-11-28 21:52:07.790 -----------------------------------------------
eclipse.buildId=4.3.0.M20130911-1000
java.version=1.6.0_27
java.vendor=Sun Microsystems Inc.
BootLoader constants: OS=linux, ARCH=x86_64, WS=gtk, NL=en_US
Framework arguments:  -product org.eclipse.epp.package.standard.product
Command-line arguments:  -os linux -ws gtk -arch x86_64 -product org.eclipse.epp.package.standard.product

!ENTRY org.eclipse.ui 4 4 2013-11-28 21:52:11.030
!MESSAGE Unable to find Action Set: adt.actionSet.wizards

!ENTRY org.eclipse.ui 4 4 2013-11-28 21:52:11.032
!MESSAGE Unable to find Action Set: adt.actionSet.refactorings

!ENTRY org.eclipse.ui 4 4 2013-11-28 21:52:11.032
!MESSAGE Unable to find Action Set: adt.actionSet.avdManager

!ENTRY org.eclipse.ui 4 4 2013-11-28 21:52:11.032
!MESSAGE Unable to find Action Set: adt.actionSet.lint

!ENTRY org.eclipse.jface 2 0 2013-11-28 21:55:48.264
!MESSAGE Keybinding conflicts occurred.  They may interfere with normal accelerator operation.
!SUBENTRY 1 org.eclipse.jface 2 0 2013-11-28 21:55:48.264
!MESSAGE A conflict occurred for CTRL+D:
Binding(CTRL+D,
	ParameterizedCommand(Command(org.eclipse.debug.ui.commands.eof,EOF,
		Send end of file,
		Category(org.eclipse.debug.ui.category.run,Run/Debug,Run/Debug command category,true),
		org.eclipse.ui.internal.WorkbenchHandlerServiceHandler@f0450f6,
		,,true),null),
	org.eclipse.ui.defaultAcceleratorConfiguration,
	org.eclipse.debug.ui.console,,,system)
Binding(CTRL+D,
	ParameterizedCommand(Command(org.eclipse.ui.edit.text.delete.line,Delete Line,
		Delete a line of text,
		Category(org.eclipse.ui.category.textEditor,Text Editing,Text Editing Commands,true),
		org.eclipse.ui.internal.WorkbenchHandlerServiceHandler@645f4e2d,
		,,true),null),
	org.eclipse.ui.defaultAcceleratorConfiguration,
	org.eclipse.ui.textEditorScope,,,system)
!SESSION 2013-12-01 22:11:36.404 -----------------------------------------------
eclipse.buildId=4.3.0.M20130911-1000
java.version=1.6.0_27
java.vendor=Sun Microsystems Inc.
BootLoader constants: OS=linux, ARCH=x86_64, WS=gtk, NL=en_US
Framework arguments:  -product org.eclipse.epp.package.standard.product
Command-line arguments:  -os linux -ws gtk -arch x86_64 -product org.eclipse.epp.package.standard.product

!ENTRY org.eclipse.ui 4 4 2013-12-01 22:11:38.509
!MESSAGE Unable to find Action Set: adt.actionSet.wizards

!ENTRY org.eclipse.ui 4 4 2013-12-01 22:11:38.511
!MESSAGE Unable to find Action Set: adt.actionSet.refactorings

!ENTRY org.eclipse.ui 4 4 2013-12-01 22:11:38.511
!MESSAGE Unable to find Action Set: adt.actionSet.avdManager

!ENTRY org.eclipse.ui 4 4 2013-12-01 22:11:38.512
!MESSAGE Unable to find Action Set: adt.actionSet.lint

!ENTRY org.eclipse.jface 2 0 2013-12-01 23:36:32.899
!MESSAGE Keybinding conflicts occurred.  They may interfere with normal accelerator operation.
!SUBENTRY 1 org.eclipse.jface 2 0 2013-12-01 23:36:32.899
!MESSAGE A conflict occurred for CTRL+D:
Binding(CTRL+D,
	ParameterizedCommand(Command(org.eclipse.debug.ui.commands.eof,EOF,
		Send end of file,
		Category(org.eclipse.debug.ui.category.run,Run/Debug,Run/Debug command category,true),
		org.eclipse.ui.internal.WorkbenchHandlerServiceHandler@3b64b707,
		,,true),null),
	org.eclipse.ui.defaultAcceleratorConfiguration,
	org.eclipse.debug.ui.console,,,system)
Binding(CTRL+D,
	ParameterizedCommand(Command(org.eclipse.ui.edit.text.delete.line,Delete Line,
		Delete a line of text,
		Category(org.eclipse.ui.category.textEditor,Text Editing,Text Editing Commands,true),
		org.eclipse.ui.internal.WorkbenchHandlerServiceHandler@512c4b07,
		,,true),null),
	org.eclipse.ui.defaultAcceleratorConfiguration,
	org.eclipse.ui.textEditorScope,,,system)
!SESSION 2013-12-03 21:38:34.793 -----------------------------------------------
eclipse.buildId=I20120608-1400
java.version=1.7.0_05
java.vendor=Oracle Corporation
BootLoader constants: OS=win32, ARCH=x86_64, WS=win32, NL=en_US
Command-line arguments:  -os win32 -ws win32 -arch x86_64

!ENTRY org.eclipse.ui.ide 4 4 2013-12-03 21:38:58.233
!MESSAGE File toolbar contribution item is missing

!ENTRY org.eclipse.ui 2 2 2013-12-03 22:19:02.743
!MESSAGE Invalid property category path: ValidationPropertiesPage (bundle: org.eclipse.wst.xml.ui, propertyPage: org.eclipse.wst.xml.ui.propertyPage.project.validation)
